  Source.cpp
c:\users\basilyjok3r\source\repos\chicken_invader\source.cpp(313): warning C4244: 'initializing': conversion from 'int' to 'float', possible loss of data
c:\users\basilyjok3r\source\repos\chicken_invader\source.cpp(378): warning C4244: '=': conversion from 'double' to 'int', possible loss of data
c:\users\basilyjok3r\source\repos\chicken_invader\source.cpp(387): warning C4244: '=': conversion from 'double' to 'int', possible loss of data
c:\users\basilyjok3r\source\repos\chicken_invader\source.cpp(394): warning C4244: '=': conversion from 'double' to 'int', possible loss of data
c:\users\basilyjok3r\source\repos\chicken_invader\source.cpp(400): warning C4244: '=': conversion from 'double' to 'int', possible loss of data
c:\users\basilyjok3r\source\repos\chicken_invader\source.cpp(409): warning C4244: '=': conversion from 'double' to 'int', possible loss of data
c:\users\basilyjok3r\source\repos\chicken_invader\source.cpp(415): warning C4244: '=': conversion from 'double' to 'int', possible loss of data
c:\users\basilyjok3r\source\repos\chicken_invader\source.cpp(421): warning C4244: '=': conversion from 'double' to 'int', possible loss of data
c:\users\basilyjok3r\source\repos\chicken_invader\source.cpp(453): warning C4244: '=': conversion from 'double' to 'int', possible loss of data
c:\users\basilyjok3r\source\repos\chicken_invader\source.cpp(476): warning C4244: '=': conversion from 'double' to 'int', possible loss of data
c:\users\basilyjok3r\source\repos\chicken_invader\source.cpp(1056): warning C4244: '=': conversion from 'double' to 'float', possible loss of data
c:\users\basilyjok3r\source\repos\chicken_invader\source.cpp(1064): warning C4244: 'argument': conversion from 'float' to 'int', possible loss of data
c:\users\basilyjok3r\source\repos\chicken_invader\source.cpp(1065): warning C4996: 'sprintf': This function or variable may be unsafe. Consider using sprintf_s instead. To disable deprecation, use _CRT_SECURE_NO_WARNINGS. See online help for details.
  c:\program files (x86)\windows kits\10\include\10.0.17763.0\ucrt\stdio.h(1774): note: see declaration of 'sprintf'
c:\users\basilyjok3r\source\repos\chicken_invader\source.cpp(1097): warning C4244: 'argument': conversion from 'double' to 'int', possible loss of data
c:\users\basilyjok3r\source\repos\chicken_invader\source.cpp(1106): warning C4244: 'argument': conversion from 'double' to 'int', possible loss of data
c:\users\basilyjok3r\source\repos\chicken_invader\source.cpp(1116): warning C4244: 'argument': conversion from 'double' to 'int', possible loss of data
c:\users\basilyjok3r\source\repos\chicken_invader\source.cpp(1129): warning C4244: 'argument': conversion from 'double' to 'int', possible loss of data
c:\users\basilyjok3r\source\repos\chicken_invader\source.cpp(1139): warning C4244: 'argument': conversion from 'double' to 'int', possible loss of data
c:\users\basilyjok3r\source\repos\chicken_invader\source.cpp(1149): warning C4244: 'argument': conversion from 'double' to 'int', possible loss of data
c:\users\basilyjok3r\source\repos\chicken_invader\source.cpp(1159): warning C4244: 'argument': conversion from 'double' to 'int', possible loss of data
c:\users\basilyjok3r\source\repos\chicken_invader\source.cpp(1169): warning C4244: 'argument': conversion from 'double' to 'int', possible loss of data
c:\users\basilyjok3r\source\repos\chicken_invader\source.cpp(1179): warning C4244: 'argument': conversion from 'double' to 'int', possible loss of data
c:\users\basilyjok3r\source\repos\chicken_invader\source.cpp(1189): warning C4244: 'argument': conversion from 'double' to 'int', possible loss of data
c:\users\basilyjok3r\source\repos\chicken_invader\source.cpp(1195): warning C4244: 'argument': conversion from 'double' to 'int', possible loss of data
c:\users\basilyjok3r\source\repos\chicken_invader\source.cpp(1285): warning C4244: 'argument': conversion from 'double' to 'int', possible loss of data
c:\users\basilyjok3r\source\repos\chicken_invader\source.cpp(1290): warning C4244: 'argument': conversion from 'double' to 'int', possible loss of data
c:\users\basilyjok3r\source\repos\chicken_invader\source.cpp(1435): warning C4244: 'argument': conversion from 'double' to 'int', possible loss of data
c:\users\basilyjok3r\source\repos\chicken_invader\source.cpp(1440): warning C4244: 'argument': conversion from 'double' to 'int', possible loss of data
c:\users\basilyjok3r\source\repos\chicken_invader\source.cpp(1445): warning C4244: 'argument': conversion from 'double' to 'int', possible loss of data
c:\users\basilyjok3r\source\repos\chicken_invader\source.cpp(1471): warning C4244: 'argument': conversion from 'double' to 'int', possible loss of data
c:\users\basilyjok3r\source\repos\chicken_invader\source.cpp(1476): warning C4244: 'argument': conversion from 'double' to 'int', possible loss of data
c:\users\basilyjok3r\source\repos\chicken_invader\source.cpp(1483): warning C4244: 'argument': conversion from 'double' to 'int', possible loss of data
c:\users\basilyjok3r\source\repos\chicken_invader\source.cpp(1502): warning C4996: 'fopen': This function or variable may be unsafe. Consider using fopen_s instead. To disable deprecation, use _CRT_SECURE_NO_WARNINGS. See online help for details.
  c:\program files (x86)\windows kits\10\include\10.0.17763.0\ucrt\stdio.h(208): note: see declaration of 'fopen'
c:\users\basilyjok3r\source\repos\chicken_invader\source.cpp(1503): warning C4996: 'fscanf': This function or variable may be unsafe. Consider using fscanf_s instead. To disable deprecation, use _CRT_SECURE_NO_WARNINGS. See online help for details.
  c:\program files (x86)\windows kits\10\include\10.0.17763.0\ucrt\stdio.h(1197): note: see declaration of 'fscanf'
c:\users\basilyjok3r\source\repos\chicken_invader\source.cpp(1509): warning C4996: 'fopen': This function or variable may be unsafe. Consider using fopen_s instead. To disable deprecation, use _CRT_SECURE_NO_WARNINGS. See online help for details.
  c:\program files (x86)\windows kits\10\include\10.0.17763.0\ucrt\stdio.h(208): note: see declaration of 'fopen'
c:\users\basilyjok3r\source\repos\chicken_invader\source.cpp(1581): warning C4244: 'argument': conversion from 'double' to 'int', possible loss of data
c:\users\basilyjok3r\source\repos\chicken_invader\source.cpp(1545): warning C4996: 'kbhit': The POSIX name for this item is deprecated. Instead, use the ISO C and C++ conformant name: _kbhit. See online help for details.
  c:\program files (x86)\windows kits\10\include\10.0.17763.0\ucrt\conio.h(459): note: see declaration of 'kbhit'
c:\users\basilyjok3r\source\repos\chicken_invader\source.cpp(1547): warning C4996: 'getch': The POSIX name for this item is deprecated. Instead, use the ISO C and C++ conformant name: _getch. See online help for details.
  c:\program files (x86)\windows kits\10\include\10.0.17763.0\ucrt\conio.h(453): note: see declaration of 'getch'
c:\users\basilyjok3r\source\repos\chicken_invader\source.cpp(1562): warning C4996: 'getch': The POSIX name for this item is deprecated. Instead, use the ISO C and C++ conformant name: _getch. See online help for details.
  c:\program files (x86)\windows kits\10\include\10.0.17763.0\ucrt\conio.h(453): note: see declaration of 'getch'
c:\users\basilyjok3r\source\repos\chicken_invader\source.cpp(1643): warning C4244: 'argument': conversion from 'double' to 'int', possible loss of data
c:\users\basilyjok3r\source\repos\chicken_invader\source.cpp(1978): warning C4244: 'argument': conversion from 'double' to 'int', possible loss of data
c:\users\basilyjok3r\source\repos\chicken_invader\source.cpp(1984): warning C4244: 'argument': conversion from 'double' to 'int', possible loss of data
c:\users\basilyjok3r\source\repos\chicken_invader\source.cpp(1990): warning C4244: 'argument': conversion from 'double' to 'int', possible loss of data
c:\users\basilyjok3r\source\repos\chicken_invader\source.cpp(1996): warning C4244: 'argument': conversion from 'double' to 'int', possible loss of data
c:\users\basilyjok3r\source\repos\chicken_invader\source.cpp(2035): warning C4244: 'initializing': conversion from 'double' to 'int', possible loss of data
c:\users\basilyjok3r\source\repos\chicken_invader\source.cpp(2040): warning C4244: '-=': conversion from 'double' to 'int', possible loss of data
c:\users\basilyjok3r\source\repos\chicken_invader\source.cpp(2042): warning C4244: '=': conversion from 'double' to 'int', possible loss of data
c:\users\basilyjok3r\source\repos\chicken_invader\source.cpp(2043): warning C4244: '=': conversion from 'double' to 'int', possible loss of data
c:\users\basilyjok3r\source\repos\chicken_invader\source.cpp(2047): warning C4244: '-=': conversion from 'double' to 'int', possible loss of data
c:\users\basilyjok3r\source\repos\chicken_invader\source.cpp(1789): warning C4996: 'sprintf': This function or variable may be unsafe. Consider using sprintf_s instead. To disable deprecation, use _CRT_SECURE_NO_WARNINGS. See online help for details.
  c:\program files (x86)\windows kits\10\include\10.0.17763.0\ucrt\stdio.h(1774): note: see declaration of 'sprintf'
c:\users\basilyjok3r\source\repos\chicken_invader\source.cpp(1795): warning C4996: 'kbhit': The POSIX name for this item is deprecated. Instead, use the ISO C and C++ conformant name: _kbhit. See online help for details.
  c:\program files (x86)\windows kits\10\include\10.0.17763.0\ucrt\conio.h(459): note: see declaration of 'kbhit'
c:\users\basilyjok3r\source\repos\chicken_invader\source.cpp(1797): warning C4996: 'getch': The POSIX name for this item is deprecated. Instead, use the ISO C and C++ conformant name: _getch. See online help for details.
  c:\program files (x86)\windows kits\10\include\10.0.17763.0\ucrt\conio.h(453): note: see declaration of 'getch'
c:\users\basilyjok3r\source\repos\chicken_invader\source.cpp(1876): warning C4996: 'getch': The POSIX name for this item is deprecated. Instead, use the ISO C and C++ conformant name: _getch. See online help for details.
  c:\program files (x86)\windows kits\10\include\10.0.17763.0\ucrt\conio.h(453): note: see declaration of 'getch'
c:\users\basilyjok3r\source\repos\chicken_invader\source.cpp(2052): warning C4996: 'sprintf': This function or variable may be unsafe. Consider using sprintf_s instead. To disable deprecation, use _CRT_SECURE_NO_WARNINGS. See online help for details.
  c:\program files (x86)\windows kits\10\include\10.0.17763.0\ucrt\stdio.h(1774): note: see declaration of 'sprintf'
c:\users\basilyjok3r\source\repos\chicken_invader\source.cpp(2055): warning C4996: 'sprintf': This function or variable may be unsafe. Consider using sprintf_s instead. To disable deprecation, use _CRT_SECURE_NO_WARNINGS. See online help for details.
  c:\program files (x86)\windows kits\10\include\10.0.17763.0\ucrt\stdio.h(1774): note: see declaration of 'sprintf'
c:\users\basilyjok3r\source\repos\chicken_invader\source.cpp(2066): warning C4996: 'fopen': This function or variable may be unsafe. Consider using fopen_s instead. To disable deprecation, use _CRT_SECURE_NO_WARNINGS. See online help for details.
  c:\program files (x86)\windows kits\10\include\10.0.17763.0\ucrt\stdio.h(208): note: see declaration of 'fopen'
c:\users\basilyjok3r\source\repos\chicken_invader\source.cpp(2076): warning C4996: 'getch': The POSIX name for this item is deprecated. Instead, use the ISO C and C++ conformant name: _getch. See online help for details.
  c:\program files (x86)\windows kits\10\include\10.0.17763.0\ucrt\conio.h(453): note: see declaration of 'getch'
c:\users\basilyjok3r\source\repos\chicken_invader\source.cpp(1628): warning C4101: 'IL': unreferenced local variable
LINK : fatal error C1905: Front end and back end not compatible (must target same processor).
LINK : fatal error LNK1257: code generation failed
